2025-01-22 12:50:39,461 INFO o.a.j.u.JMeterUtils: Setting Locale to en_EN
2025-01-22 12:50:39,472 INFO o.a.j.JMeter: Loading user properties from: /opt/homebrew/Cellar/jmeter/5.6.3/libexec/bin/user.properties
2025-01-22 12:50:39,473 INFO o.a.j.JMeter: Loading system properties from: /opt/homebrew/Cellar/jmeter/5.6.3/libexec/bin/system.properties
2025-01-22 12:50:39,473 INFO o.a.j.JMeter: Setting JMeter property: test_name=filters_combined
2025-01-22 12:50:39,473 INFO o.a.j.JMeter: Setting JMeter property: num_users=100
2025-01-22 12:50:39,473 INFO o.a.j.JMeter: Setting JMeter property: ramp_time=60
2025-01-22 12:50:39,473 INFO o.a.j.JMeter: Setting JMeter property: loops=10
2025-01-22 12:50:39,473 INFO o.a.j.JMeter: Setting JMeter property: protocol=http
2025-01-22 12:50:39,473 INFO o.a.j.JMeter: Setting JMeter property: port_num=80
2025-01-22 12:50:39,473 INFO o.a.j.JMeter: Setting JMeter property: base_url=ird.antleaf.com
2025-01-22 12:50:39,476 INFO o.a.j.JMeter: Copyright (c) 1998-2024 The Apache Software Foundation
2025-01-22 12:50:39,476 INFO o.a.j.JMeter: Version 5.6.3
2025-01-22 12:50:39,476 INFO o.a.j.JMeter: java.version=21.0.5
2025-01-22 12:50:39,476 INFO o.a.j.JMeter: java.vm.name=OpenJDK 64-Bit Server VM
2025-01-22 12:50:39,476 INFO o.a.j.JMeter: os.name=Mac OS X
2025-01-22 12:50:39,476 INFO o.a.j.JMeter: os.arch=aarch64
2025-01-22 12:50:39,476 INFO o.a.j.JMeter: os.version=15.2
2025-01-22 12:50:39,476 INFO o.a.j.JMeter: file.encoding=UTF-8
2025-01-22 12:50:39,476 INFO o.a.j.JMeter: java.awt.headless=null
2025-01-22 12:50:39,476 INFO o.a.j.JMeter: Max memory     =1073741824
2025-01-22 12:50:39,476 INFO o.a.j.JMeter: Available Processors =10
2025-01-22 12:50:39,481 INFO o.a.j.JMeter: Default Locale=English (EN)
2025-01-22 12:50:39,481 INFO o.a.j.JMeter: JMeter  Locale=English (EN)
2025-01-22 12:50:39,482 INFO o.a.j.JMeter: JMeterHome=/opt/homebrew/Cellar/jmeter/5.6.3/libexec
2025-01-22 12:50:39,482 INFO o.a.j.JMeter: user.dir  =/Users/paulwalk/Library/CloudStorage/Dropbox/WorkingDocuments/AntLeaf/Infrastructure/antleaf_infrastructure_git/antleaf-cluster-3/applications/ird-helm
2025-01-22 12:50:39,482 INFO o.a.j.JMeter: PWD       =/Users/paulwalk/Library/CloudStorage/Dropbox/WorkingDocuments/AntLeaf/Infrastructure/antleaf_infrastructure_git/antleaf-cluster-3/applications/ird-helm
2025-01-22 12:50:39,483 INFO o.a.j.JMeter: IP: 127.0.0.1 Name: nelly.local FullName: localhost
2025-01-22 12:50:39,489 INFO o.a.j.JMeter: Setting property 'jmeter.reportgenerator.outputdir' to:'/Users/paulwalk/Library/CloudStorage/Dropbox/WorkingDocuments/AntLeaf/Infrastructure/antleaf_infrastructure_git/antleaf-cluster-3/applications/ird-helm/./data/reports/load/__'
2025-01-22 12:50:39,489 ERROR o.a.j.JMeter: An error occurred: 
org.apache.jmeter.report.config.ConfigurationException: The file /Users/paulwalk/Library/CloudStorage/Dropbox/WorkingDocuments/AntLeaf/Infrastructure/antleaf_infrastructure_git/antleaf-cluster-3/applications/ird-helm/./test_load/repository_tests.jmx doesn't exist or can't be opened
	at org.apache.jmeter.JMeter.runNonGui(JMeter.java:950) ~[ApacheJMeter_core.jar:5.6.3]
	at org.apache.jmeter.JMeter.startNonGui(JMeter.java:940) ~[ApacheJMeter_core.jar:5.6.3]
	at org.apache.jmeter.JMeter.start(JMeter.java:508) [ApacheJMeter_core.jar:5.6.3]
	at java.base/jdk.internal.reflect.DirectMethodHandleAccessor.invoke(DirectMethodHandleAccessor.java:103) ~[?:?]
	at java.base/java.lang.reflect.Method.invoke(Method.java:580) ~[?:?]
	at org.apache.jmeter.NewDriver.main(NewDriver.java:259) [ApacheJMeter.jar:5.6.3]
